<?xml version="1.0" encoding="UTF-8"?>
<!-- Generated by org.testng.reporters.JUnitReportReporter -->
<testsuite hostname="Chetan-1404" failures="0" tests="1" name="Practice.Open_Browser" time="7.615" errors="0" timestamp="2023-03-02T17:38:28 IST" skipped="0">
  <testcase classname="Practice.Open_Browser" name="browser" time="7.615"/>
  <system-out/>
</testsuite> <!-- Practice.Open_Browser -->
